<?xml version="1.0" encoding="UTF-8"?>
<testng-results skipped="0" failed="1" ignored="0" total="1" passed="0">
  <reporter-output>
  </reporter-output>
  <suite name="Default suite" duration-ms="66303" started-at="2022-04-03T10:17:53 IST" finished-at="2022-04-03T10:19:00 IST">
    <groups>
      <group name="booking">
        <method signature="CheckoutPageTest.CheckoutPageTest()[pri:0, instance:TestLayer.CheckoutPageTest@69e153c5]" name="CheckoutPageTest" class="TestLayer.CheckoutPageTest"/>
      </group> <!-- booking -->
    </groups>
    <test name="Default test" duration-ms="66303" started-at="2022-04-03T10:17:53 IST" finished-at="2022-04-03T10:19:00 IST">
      <class name="TestLayer.CheckoutPageTest">
        <test-method status="PASS" signature="initializetest()[pri:0, instance:TestLayer.CheckoutPageTest@69e153c5]" name="initializetest" is-config="true" duration-ms="65384" started-at="2022-04-03T10:17:53 IST" finished-at="2022-04-03T10:18:59 IST">
          <reporter-output>
          </reporter-output>
        </test-method> <!-- initializetest -->
        <test-method status="FAIL" signature="CheckoutPageTest()[pri:0, instance:TestLayer.CheckoutPageTest@69e153c5]" name="CheckoutPageTest" duration-ms="56" started-at="2022-04-03T10:18:59 IST" finished-at="2022-04-03T10:18:59 IST">
          <exception class="java.lang.AssertionError">
            <message>
              <![CDATA[Order is not placed expected [Thank you. Your order has been received.] but found [null]]]>
            </message>
            <full-stacktrace>
              <![CDATA[java.lang.AssertionError: Order is not placed expected [Thank you. Your order has been received.] but found [null]
at org.testng.Assert.fail(Assert.java:99)
at org.testng.Assert.failNotEquals(Assert.java:1037)
at org.testng.Assert.assertEqualsImpl(Assert.java:140)
at org.testng.Assert.assertEquals(Assert.java:122)
at org.testng.Assert.assertEquals(Assert.java:629)
at TestLayer.CheckoutPageTest.CheckoutPageTest(CheckoutPageTest.java:74)
at sun.reflect.NativeMethodAccessorImpl.invoke0(Native Method)
at sun.reflect.NativeMethodAccessorImpl.invoke(NativeMethodAccessorImpl.java:62)
at sun.reflect.DelegatingMethodAccessorImpl.invoke(DelegatingMethodAccessorImpl.java:43)
at java.lang.reflect.Method.invoke(Method.java:498)
at org.testng.internal.MethodInvocationHelper.invokeMethod(MethodInvocationHelper.java:133)
at org.testng.internal.TestInvoker.invokeMethod(TestInvoker.java:598)
at org.testng.internal.TestInvoker.invokeTestMethod(TestInvoker.java:173)
at org.testng.internal.MethodRunner.runInSequence(MethodRunner.java:46)
at org.testng.internal.TestInvoker$MethodInvocationAgent.invoke(TestInvoker.java:824)
at org.testng.internal.TestInvoker.invokeTestMethods(TestInvoker.java:146)
at org.testng.internal.TestMethodWorker.invokeTestMethods(TestMethodWorker.java:146)
at org.testng.internal.TestMethodWorker.run(TestMethodWorker.java:128)
at java.util.ArrayList.forEach(ArrayList.java:1249)
at org.testng.TestRunner.privateRun(TestRunner.java:794)
at org.testng.TestRunner.run(TestRunner.java:596)
at org.testng.SuiteRunner.runTest(SuiteRunner.java:377)
at org.testng.SuiteRunner.runSequentially(SuiteRunner.java:371)
at org.testng.SuiteRunner.privateRun(SuiteRunner.java:332)
at org.testng.SuiteRunner.run(SuiteRunner.java:276)
at org.testng.SuiteRunnerWorker.runSuite(SuiteRunnerWorker.java:53)
at org.testng.SuiteRunnerWorker.run(SuiteRunnerWorker.java:96)
at org.testng.TestNG.runSuitesSequentially(TestNG.java:1212)
at org.testng.TestNG.runSuitesLocally(TestNG.java:1134)
at org.testng.TestNG.runSuites(TestNG.java:1063)
at org.testng.TestNG.run(TestNG.java:1031)
at org.testng.remote.AbstractRemoteTestNG.run(AbstractRemoteTestNG.java:115)
at org.testng.remote.RemoteTestNG.initAndRun(RemoteTestNG.java:251)
at org.testng.remote.RemoteTestNG.main(RemoteTestNG.java:77)
]]>
            </full-stacktrace>
          </exception> <!-- java.lang.AssertionError -->
          <reporter-output>
          </reporter-output>
        </test-method> <!-- CheckoutPageTest -->
        <test-method status="PASS" signature="End()[pri:0, instance:TestLayer.CheckoutPageTest@69e153c5]" name="End" is-config="true" duration-ms="836" started-at="2022-04-03T10:18:59 IST" finished-at="2022-04-03T10:19:00 IST">
          <reporter-output>
          </reporter-output>
        </test-method> <!-- End -->
      </class> <!-- TestLayer.CheckoutPageTest -->
    </test> <!-- Default test -->
  </suite> <!-- Default suite -->
</testng-results>
